[2026-04-10T13:25:10Z] === ENRICH ITERATION 1 START | repo=prettier/pretty-quick sha=50557591 ===
[2026-04-10T13:25:10Z] [iter=1] PHASE START: enrich repo=prettier/pretty-quick sha=50557591 runlog=/home/runner/work/forx/forx/storage/aggregate/lsp/logs/50557591-enrich-iter-001.log output=/home/runner/work/forx/forx/storage/aggregate/lsp/50557591c65e5e1757f0899b48a4e510b6ee4d9d.nq.gz
[2026-04-10T13:25:40Z] [iter=1] Step 1: Loading AST into disk-backed store mem_mb=80 MB
[2026-04-10T13:26:05Z] [iter=1] AST store loaded triples=2912829 load_secs=24 mem_mb=938 MB
[2026-04-10T13:26:05Z] [iter=1] Step 2: Finding LSP targets mem_mb=938 MB
[2026-04-10T13:26:09Z] [iter=1] LSP targets found call_sites=23908 imports=47 extends=28 implements=0 secs=4
[2026-04-10T13:26:12Z] [iter=1] Step 2.7: Building position index (one-shot, shared across resolvers) mem_mb=938 MB
[2026-04-10T13:26:26Z] [iter=1] Position index built positions=198743 nodes_with_types=229237 secs=15 mem_mb=938 MB
[2026-04-10T13:26:26Z] [iter=1] Step 3: Starting LSP resolution mem_mb=938 MB already_completed_types=[] already_completed_files=0
[2026-04-10T13:26:26Z] [iter=1] Resolving target type target_type=call_site count=23908
[2026-04-10T13:26:27Z] [iter=1] HEARTBEAT target_type=call_site elapsed_min=1.3 files_done=0 resolved=0 errors=0 current=.yarn/releases/yarn-2.4.3.cjs
[2026-04-10T14:49:18Z] [iter=1] HEARTBEAT target_type=call_site elapsed_min=84.1 files_done=1 resolved=6849 errors=4348 current=.yarn/plugins/plugin-prepare-lifecycle.cjs
[2026-04-10T14:50:31Z] [iter=1] HEARTBEAT target_type=call_site elapsed_min=85.4 files_done=6 resolved=6849 errors=4411 current=test/scm-hg.spec.ts
[2026-04-10T14:51:23Z] [iter=1] HEARTBEAT target_type=call_site elapsed_min=86.2 files_done=7 resolved=6849 errors=4457 current=src/scms/git.ts
[2026-04-10T14:52:27Z] [iter=1] HEARTBEAT target_type=call_site elapsed_min=87.3 files_done=10 resolved=6849 errors=4513 current=src/processFiles.ts
[2026-04-10T14:53:01Z] [iter=1] HEARTBEAT target_type=call_site elapsed_min=87.9 files_done=15 resolved=6851 errors=4543 current=__mocks__/execa.ts
[2026-04-10T14:53:32Z] [iter=1] Target type resolved target_type=call_site resolved=6861 errors=4570 secs=5226 mem_mb=938 MB
[2026-04-10T14:53:32Z] [iter=1] Resolving target type target_type=import_statement count=47
[2026-04-10T14:53:32Z] [iter=1] HEARTBEAT target_type=import_statement elapsed_min=88.4 files_done=0 resolved=0 errors=0 current=test/scm-hg.spec.ts
[2026-04-10T14:53:34Z] [iter=1] Target type resolved target_type=import_statement resolved=12 errors=0 secs=2 mem_mb=938 MB
[2026-04-10T14:53:34Z] [iter=1] Resolving target type target_type=extends_clause count=28
[2026-04-10T14:53:42Z] [iter=1] Target type resolved target_type=extends_clause resolved=23 errors=0 secs=8 mem_mb=938 MB
[2026-04-10T14:53:53Z] [iter=1] Step 5: Writing final enrichment file triples=166089
[2026-04-10T14:53:56Z] [iter=1] Enrichment file written path=/home/runner/work/forx/forx/storage/aggregate/lsp/50557591c65e5e1757f0899b48a4e510b6ee4d9d.nq.gz size_kb=2389
[2026-04-10T14:53:56Z] [iter=1] PHASE END: enrich elapsed_s=5327 elapsed_min=88.8 total_triples=166089
